<?xml version="1.0" encoding="UTF-8"?>
<!-- Generated by org.testng.reporters.JUnitXMLReporter -->
<testsuite ignored="2" hostname="INLEN8520028251" failures="0" tests="0" time="0.018" errors="0" timestamp="2024-04-10T18:44:20 IST">
  <testcase classname="seleniumFrameworkDesign.Tests.StandaloneTest2_Improvised" name="SubmitOrder" time="0.0">
    <ignored/>
  </testcase> <!-- SubmitOrder -->
  <testcase classname="seleniumFrameworkDesign.Tests.StandaloneTest2_Improvised" name="OrderHistoryTest" time="0.0">
    <ignored/>
  </testcase> <!-- OrderHistoryTest -->
</testsuite>
