<?xml version="1.0" encoding="UTF-8"?>
<!-- Generated by org.testng.reporters.JUnitXMLReporter -->
<testsuite ignored="0" hostname="INLEN8520028251" failures="0" tests="2" name="Error Validations Test" time="26.822" errors="0" timestamp="2024-04-15T14:44:00 IST">
  <testcase classname="seleniumFrameworkDesign.Tests.ErrorValidationsTest" name="LoginPageErrorValidations" time="1.083"/>
  <testcase classname="seleniumFrameworkDesign.Tests.ErrorValidationsTest" name="ProductPageErrorValidations" time="14.434"/>
</testsuite> <!-- Error Validations Test -->
